* commit 71af101bcc27e5c92e887f8224115b78ed485f31
| Author:     EduBic <bic.studio@yahoo.it>
| AuthorDate: Sun Feb 21 17:20:21 2016 +0100
| Commit:     EduBic <bic.studio@yahoo.it>
| CommitDate: Sun Feb 21 17:20:21 2016 +0100
| 
|     Errore inserito
|  
* commit f033c5bd9d206f57d1e0769a87ff1c25925da247
| Author:     EduBic <bic.studio@yahoo.it>
| AuthorDate: Sun Feb 21 16:42:01 2016 +0100
| Commit:     EduBic <bic.studio@yahoo.it>
| CommitDate: Sun Feb 21 16:42:01 2016 +0100
| 
|     test latex
|  
* commit 2b99ad3726f2261e2bababb1c891f44453e65509
| Author:     EduBic <bic.studio@yahoo.it>
| AuthorDate: Fri Feb 19 17:29:46 2016 +0100
| Commit:     EduBic <bic.studio@yahoo.it>
| CommitDate: Fri Feb 19 17:29:46 2016 +0100
| 
|     Correct Test.php
|  
* commit 3ce5f882c5181127fe9fcd8b8d0d044ff89e7001
| Author:     EduBic <bic.studio@yahoo.it>
| AuthorDate: Fri Feb 19 17:23:53 2016 +0100
| Commit:     EduBic <bic.studio@yahoo.it>
| CommitDate: Fri Feb 19 17:23:53 2016 +0100
| 
|     Travis CI test
|  
* commit c0410834a3182e497fc696b91702fd4b764b5586
| Author:     Samuel Wright <lykoszine@gmail.com>
| AuthorDate: Thu Jan 29 15:26:43 2015 +0100
| Commit:     Samuel Wright <lykoszine@gmail.com>
| CommitDate: Thu Jan 29 15:26:43 2015 +0100
| 
|     Revert "What happens if you break the yml?"
|     
|     Best not to really.
|     
|     This reverts commit d331445c82572f8d08c40aa527bb05d4c513e85a.
|  
* commit d331445c82572f8d08c40aa527bb05d4c513e85a
| Author:     Samuel Wright <lykoszine@gmail.com>
| AuthorDate: Thu Jan 29 15:25:16 2015 +0100
| Commit:     Samuel Wright <lykoszine@gmail.com>
| CommitDate: Thu Jan 29 15:25:16 2015 +0100
| 
|     What happens if you break the yml?
|  
* commit 165cbd91056e300cba641a613a59ffc6054c5ce9
| Author:     Samuel Wright <lykoszine@gmail.com>
| AuthorDate: Thu Jan 29 13:03:16 2015 +0100
| Commit:     Samuel Wright <lykoszine@gmail.com>
| CommitDate: Thu Jan 29 13:03:16 2015 +0100
| 
|     Revert "Unfail!"
|     
|     Because we want it to fail.
|     
|     This reverts commit b14ba259e7e28cd1c00f652fcbe24e22ddc380d3.
|  
* commit b14ba259e7e28cd1c00f652fcbe24e22ddc380d3
| Author:     Samuel Wright <lykoszine@gmail.com>
| AuthorDate: Thu Jan 29 11:29:27 2015 +0100
| Commit:     Samuel Wright <lykoszine@gmail.com>
| CommitDate: Thu Jan 29 11:29:27 2015 +0100
| 
|     Unfail!
|  
* commit 7c0f127c3e942b4850695f2081e7f7e8d609297b
| Author:     Samuel Wright <lykoszine@gmail.com>
| AuthorDate: Thu Jan 29 11:26:19 2015 +0100
| Commit:     Samuel Wright <lykoszine@gmail.com>
| CommitDate: Thu Jan 29 11:26:19 2015 +0100
| 
|     Fail this!
|  
* commit abbc70046f03ec8803b0d20721a7423ceae0a50f
| Author:     Samuel Wright <lykoszine@gmail.com>
| AuthorDate: Thu Jan 29 10:56:23 2015 +0100
| Commit:     Samuel Wright <lykoszine@gmail.com>
| CommitDate: Thu Jan 29 10:56:23 2015 +0100
| 
|     Your name here?
|  
* commit 5a9f86eb3bba43422a2f1ccbd09ddd6eb6de9488
| Author:     Samuel Wright <lykoszine@gmail.com>
| AuthorDate: Fri Jan 23 11:18:26 2015 +0100
| Commit:     Samuel Wright <lykoszine@gmail.com>
| CommitDate: Fri Jan 23 11:18:26 2015 +0100
| 
|     Does this work?
|  
* commit 9fd7a7e26925afbd55b5463eb07599a7838eb327
| Author:     Samuel Wright <lykoszine@gmail.com>
| AuthorDate: Thu Jan 22 19:46:29 2015 +0100
| Commit:     Samuel Wright <lykoszine@gmail.com>
| CommitDate: Thu Jan 22 19:46:29 2015 +0100
| 
|     Maths!
|  
* commit 1e143ec63ee6e7119cff3d68d0ee979d23e7f0ba
| Author:     Samuel Wright <lykoszine@gmail.com>
| AuthorDate: Thu Jan 22 19:43:23 2015 +0100
| Commit:     Samuel Wright <lykoszine@gmail.com>
| CommitDate: Thu Jan 22 19:43:23 2015 +0100
| 
|     ...
|  
* commit 513f3bcf2cbd7049855cc380f358a8abf837a005
| Author:     Samuel Wright <lykoszine@gmail.com>
| AuthorDate: Thu Jan 22 18:40:46 2015 +0100
| Commit:     Samuel Wright <lykoszine@gmail.com>
| CommitDate: Thu Jan 22 18:40:46 2015 +0100
| 
|     Broken Build
|  
* commit d7cff92d22fb2b9a926987eeb6d9ba2416dc6fdf
  Author:     plaindocs <plaindocs@users.noreply.github.com>
  AuthorDate: Thu Jan 22 18:38:48 2015 +0100
  Commit:     plaindocs <plaindocs@users.noreply.github.com>
  CommitDate: Thu Jan 22 18:38:48 2015 +0100
  
      Initial commit
